2025-08-05 16:27:43,546 - INFO - Hedef klasör oluşturuldu: C:\Users\gmznu\desktop\hedef_klasor
2025-08-05 16:27:43,547 - INFO - Yedekleme işlemi başlatılıyor: C:\Users\gmznu\desktop\kaynak_klasor -> C:\Users\gmznu\desktop\hedef_klasor\2025-08-05_16-27-43_yedek.zip
2025-08-05 16:27:43,551 - INFO - Yedekleme işlemi tamamlandı: C:\Users\gmznu\desktop\hedef_klasor\2025-08-05_16-27-43_yedek.zip
2025-08-05 16:27:43,551 - INFO - Eski yedekler kontrol ediliyor...
2025-08-05 16:27:43,586 - INFO - Yedekleme ve temizlik işlemleri tamamlandı.
2025-08-05 16:31:40,927 - INFO - Yedekleme işlemi başlatılıyor: C:\Users\gmznu\desktop\kaynak_klasor -> C:\Users\gmznu\desktop\hedef_klasor\2025-08-05_16-31-40_yedek
2025-08-05 16:31:40,939 - ERROR - Yedeklenecek kaynak klasör bulunamadı: C:\Users\gmznu\desktop\kaynak_klasor. Hata: [WinError 3] Sistem belirtilen yolu bulamıyor: 'C:\\Users\\gmznu\\desktop\\kaynak_klasor'
2025-08-05 16:31:40,939 - INFO - Eski yedekler kontrol ediliyor...
2025-08-05 16:31:40,941 - INFO - Yedekleme ve temizlik işlemleri tamamlandı.
2025-08-05 16:31:53,851 - INFO - Hedef klasör oluşturuldu: C:\Users\gmznu\desktop\hedef_klasor
2025-08-05 16:31:53,852 - INFO - Yedekleme işlemi başlatılıyor: C:\Users\gmznu\desktop\kaynak_klasor -> C:\Users\gmznu\desktop\hedef_klasor\2025-08-05_16-31-53_yedek
2025-08-05 16:31:53,852 - ERROR - Yedeklenecek kaynak klasör bulunamadı: C:\Users\gmznu\desktop\kaynak_klasor. Hata: [WinError 3] Sistem belirtilen yolu bulamıyor: 'C:\\Users\\gmznu\\desktop\\kaynak_klasor'
2025-08-05 16:31:53,852 - INFO - Eski yedekler kontrol ediliyor...
2025-08-05 16:31:53,853 - INFO - Yedekleme ve temizlik işlemleri tamamlandı.
2025-08-05 16:32:30,780 - INFO - Yedekleme işlemi başlatılıyor: C:\Users\gmznu\desktop\kaynak_klasor -> C:\Users\gmznu\desktop\hedef_klasor\2025-08-05_16-32-30_yedek
2025-08-05 16:32:30,802 - INFO - Yedekleme işlemi tamamlandı: C:\Users\gmznu\desktop\hedef_klasor\2025-08-05_16-32-30_yedek
2025-08-05 16:32:30,803 - INFO - Eski yedekler kontrol ediliyor...
2025-08-05 16:32:30,813 - INFO - Yedekleme ve temizlik işlemleri tamamlandı.
2025-08-05 16:33:02,312 - INFO - Yedekleme işlemi başlatılıyor: C:\Users\gmznu\desktop\kaynak_klasor -> C:\Users\gmznu\desktop\hedef_klasor\2025-08-05_16-33-02_yedek
2025-08-05 16:33:02,339 - INFO - Yedekleme işlemi tamamlandı: C:\Users\gmznu\desktop\hedef_klasor\2025-08-05_16-33-02_yedek
2025-08-05 16:33:02,340 - INFO - Eski yedekler kontrol ediliyor...
2025-08-05 16:33:02,355 - INFO - Yedekleme ve temizlik işlemleri tamamlandı.
2025-08-05 16:51:53,613 - INFO - --- Yedekleme İşlemi Başlatılıyor ---
2025-08-05 16:51:53,614 - INFO - Yedekleme işlemi başlatılıyor: C:\Users\gmznu\desktop\kaynak_klasor -> C:\Users\gmznu\desktop\hedef_klasor\2025-08-05_16-51-53_yedek
2025-08-05 16:51:53,640 - INFO - Yedekleme işlemi tamamlandı: C:\Users\gmznu\desktop\hedef_klasor\2025-08-05_16-51-53_yedek
2025-08-05 16:51:53,684 - INFO - --- Eski Yedekler Kontrol Ediliyor ---
2025-08-05 16:51:53,704 - INFO - Silinecek eski yedek bulunamadı.
2025-08-05 16:51:53,705 - INFO - --- Tüm işlemler tamamlandı. ---
2025-08-05 16:52:21,559 - INFO - --- Yedekleme İşlemi Başlatılıyor ---
2025-08-05 16:52:21,560 - INFO - Yedekleme işlemi başlatılıyor: C:\Users\gmznu\desktop\kaynak_klasor -> C:\Users\gmznu\desktop\hedef_klasor\2025-08-05_16-52-21_yedek
2025-08-05 16:52:21,573 - INFO - Yedekleme işlemi tamamlandı: C:\Users\gmznu\desktop\hedef_klasor\2025-08-05_16-52-21_yedek
2025-08-05 16:52:21,614 - INFO - --- Eski Yedekler Kontrol Ediliyor ---
2025-08-05 16:52:21,630 - INFO - Silinecek eski yedek bulunamadı.
2025-08-05 16:52:21,631 - INFO - --- Tüm işlemler tamamlandı. ---
